/afs/engr.wisc.edu/apps/synopsys-2010/DFTMax-2010.03-SP3/auxx/gui/dv/dv_setup.tcl
/afs/engr.wisc.edu/apps/synopsys-2010/DFTMax-2010.03-SP3/auxx/gui/syn/snpsSynProcs.tcl
/afs/engr.wisc.edu/apps/synopsys-2010/DFTMax-2010.03-SP3/auxx/tcllib/lib/tcl8.4/package.tcl
/afs/engr.wisc.edu/apps/synopsys-2010/DFTMax-2010.03-SP3/auxx/gui/syn/layout/pkgIndex.tcl
/afs/engr.wisc.edu/apps/synopsys-2010/DFTMax-2010.03-SP3/auxx/gui/common/WindowFrameWork/pkgIndex.tcl
/afs/engr.wisc.edu/apps/synopsys-2010/DFTMax-2010.03-SP3/auxx/gui/common/dialogs/pkgIndex.tcl
/afs/engr.wisc.edu/apps/synopsys-2010/DFTMax-2010.03-SP3/auxx/gui/common/docBrowser/pkgIndex.tcl
/afs/engr.wisc.edu/apps/synopsys-2010/DFTMax-2010.03-SP3/auxx/gui/common/fanoutviewer/pkgIndex.tcl
/afs/engr.wisc.edu/apps/synopsys-2010/DFTMax-2010.03-SP3/auxx/gui/common/hierarchy/pkgIndex.tcl
/afs/engr.wisc.edu/apps/synopsys-2010/DFTMax-2010.03-SP3/auxx/gui/common/highlight/pkgIndex.tcl
/afs/engr.wisc.edu/apps/synopsys-2010/DFTMax-2010.03-SP3/auxx/gui/common/histogram/pkgIndex.tcl
/afs/engr.wisc.edu/apps/synopsys-2010/DFTMax-2010.03-SP3/auxx/gui/common/layout/pkgIndex.tcl
/afs/engr.wisc.edu/apps/synopsys-2010/DFTMax-2010.03-SP3/auxx/gui/common/libviewer/pkgIndex.tcl
/afs/engr.wisc.edu/apps/synopsys-2010/DFTMax-2010.03-SP3/auxx/gui/common/menus/pkgIndex.tcl
/afs/engr.wisc.edu/apps/synopsys-2010/DFTMax-2010.03-SP3/auxx/gui/common/misc/pkgIndex.tcl
/afs/engr.wisc.edu/apps/synopsys-2010/DFTMax-2010.03-SP3/auxx/gui/common/opdlg/pkgIndex.tcl
/afs/engr.wisc.edu/apps/synopsys-2010/DFTMax-2010.03-SP3/auxx/gui/common/pathinspector/pkgIndex.tcl
/afs/engr.wisc.edu/apps/synopsys-2010/DFTMax-2010.03-SP3/auxx/gui/common/profiler/pkgIndex.tcl
/afs/engr.wisc.edu/apps/synopsys-2010/DFTMax-2010.03-SP3/auxx/gui/common/qtcl/pkgIndex.tcl
/afs/engr.wisc.edu/apps/synopsys-2010/DFTMax-2010.03-SP3/auxx/gui/common/regressionToolkit/pkgIndex.tcl
/afs/engr.wisc.edu/apps/synopsys-2010/DFTMax-2010.03-SP3/auxx/gui/common/schematic/pkgIndex.tcl
/afs/engr.wisc.edu/apps/synopsys-2010/DFTMax-2010.03-SP3/auxx/gui/common/select/pkgIndex.tcl
/afs/engr.wisc.edu/apps/synopsys-2010/DFTMax-2010.03-SP3/auxx/gui/common/setup/pkgIndex.tcl
/afs/engr.wisc.edu/apps/synopsys-2010/DFTMax-2010.03-SP3/auxx/gui/common/strokes/pkgIndex.tcl
/afs/engr.wisc.edu/apps/synopsys-2010/DFTMax-2010.03-SP3/auxx/gui/common/table/pkgIndex.tcl
/afs/engr.wisc.edu/apps/synopsys-2010/DFTMax-2010.03-SP3/auxx/gui/common/tcl-dp/pkgIndex.tcl
/afs/engr.wisc.edu/apps/synopsys-2010/DFTMax-2010.03-SP3/auxx/gui/common/view/pkgIndex.tcl
/afs/engr.wisc.edu/apps/synopsys-2010/DFTMax-2010.03-SP3/auxx/tcllib/snps_tcl/snpsTclPro/pkgIndex.tcl
/afs/engr.wisc.edu/apps/synopsys-2010/DFTMax-2010.03-SP3/auxx/tcllib/snps_tcl/snpsTest/pkgIndex.tcl
/afs/engr.wisc.edu/apps/synopsys-2010/DFTMax-2010.03-SP3/auxx/tcllib/snps_tcl/snpsUtils/pkgIndex.tcl
/afs/engr.wisc.edu/apps/synopsys-2010/DFTMax-2010.03-SP3/auxx/tcllib/lib/tcl8.4/dde/pkgIndex.tcl
/afs/engr.wisc.edu/apps/synopsys-2010/DFTMax-2010.03-SP3/auxx/tcllib/lib/tcl8.4/http/pkgIndex.tcl
/afs/engr.wisc.edu/apps/synopsys-2010/DFTMax-2010.03-SP3/auxx/tcllib/lib/tcl8.4/http1.0/pkgIndex.tcl
/afs/engr.wisc.edu/apps/synopsys-2010/DFTMax-2010.03-SP3/auxx/tcllib/lib/tcl8.4/msgcat/pkgIndex.tcl
/afs/engr.wisc.edu/apps/synopsys-2010/DFTMax-2010.03-SP3/auxx/tcllib/lib/tcl8.4/opt/pkgIndex.tcl
/afs/engr.wisc.edu/apps/synopsys-2010/DFTMax-2010.03-SP3/auxx/tcllib/lib/tcl8.4/reg/pkgIndex.tcl
/afs/engr.wisc.edu/apps/synopsys-2010/DFTMax-2010.03-SP3/auxx/tcllib/lib/tcl8.4/tcltest/pkgIndex.tcl
/afs/engr.wisc.edu/apps/synopsys-2010/DFTMax-2010.03-SP3/auxx/gui/common/setup/snpsCommonSetup.tcl
/afs/engr.wisc.edu/apps/synopsys-2010/DFTMax-2010.03-SP3/auxx/gui/common/setup/snpsCustomize.tcl
/afs/engr.wisc.edu/apps/synopsys-2010/DFTMax-2010.03-SP3/auxx/gui/common/setup/snpsProcheck.tcl
/afs/engr.wisc.edu/apps/synopsys-2010/DFTMax-2010.03-SP3/auxx/gui/common/qtcl/.synopsys_qtcl.tcl
/afs/engr.wisc.edu/apps/synopsys-2010/DFTMax-2010.03-SP3/auxx/gui/common/highlight/highlight.tcl
/afs/engr.wisc.edu/apps/synopsys-2010/DFTMax-2010.03-SP3/auxx/gui/common/misc/base.tcl
/afs/engr.wisc.edu/apps/synopsys-2010/DFTMax-2010.03-SP3/auxx/gui/common/misc/timing.tcl
/afs/engr.wisc.edu/apps/synopsys-2010/DFTMax-2010.03-SP3/auxx/gui/common/misc/setting.tcl
/afs/engr.wisc.edu/apps/synopsys-2010/DFTMax-2010.03-SP3/auxx/gui/common/docBrowser/docBrowser.tcl
/afs/engr.wisc.edu/apps/synopsys-2010/DFTMax-2010.03-SP3/auxx/tcllib/snps_tcl/snpsUtils/snpsUtils.tcl
/afs/engr.wisc.edu/apps/synopsys-2010/DFTMax-2010.03-SP3/auxx/gui/common/WindowFrameWork/windowFrameWork.tcl
/afs/engr.wisc.edu/apps/synopsys-2010/DFTMax-2010.03-SP3/auxx/gui/common/WindowFrameWork/skipBusyCursorCmdList.tcl
/afs/engr.wisc.edu/apps/synopsys-2010/DFTMax-2010.03-SP3/auxx/gui/common/dialogs/ObjectChooser.tcl
/afs/engr.wisc.edu/apps/synopsys-2010/DFTMax-2010.03-SP3/auxx/gui/common/misc/DialogObjectChooser.tcl
/afs/engr.wisc.edu/apps/synopsys-2010/DFTMax-2010.03-SP3/auxx/gui/common/dialogs/HistBinInformation.tcl
/afs/engr.wisc.edu/apps/synopsys-2010/DFTMax-2010.03-SP3/auxx/gui/common/dialogs/HistBin1Information.tcl
/afs/engr.wisc.edu/apps/synopsys-2010/DFTMax-2010.03-SP3/auxx/gui/common/dialogs/BinsOnlyInformation.tcl
/afs/engr.wisc.edu/apps/synopsys-2010/DFTMax-2010.03-SP3/auxx/gui/common/dialogs/FileChooser.tcl
/afs/engr.wisc.edu/apps/synopsys-2010/DFTMax-2010.03-SP3/auxx/gui/common/dialogs/PathPinSimpleInfo.tcl
/afs/engr.wisc.edu/apps/synopsys-2010/DFTMax-2010.03-SP3/auxx/gui/common/dialogs/PathsBasicInfo.tcl
/afs/engr.wisc.edu/apps/synopsys-2010/DFTMax-2010.03-SP3/auxx/gui/common/dialogs/PathsBasicSimpleInfo.tcl
/afs/engr.wisc.edu/apps/synopsys-2010/DFTMax-2010.03-SP3/auxx/gui/common/dialogs/SlctOperationInfo.tcl
/afs/engr.wisc.edu/apps/synopsys-2010/DFTMax-2010.03-SP3/auxx/gui/common/dialogs/ObjectListInfo.tcl
/afs/engr.wisc.edu/apps/synopsys-2010/DFTMax-2010.03-SP3/auxx/gui/common/dialogs/FanInOutInfo.tcl
/afs/engr.wisc.edu/apps/synopsys-2010/DFTMax-2010.03-SP3/auxx/gui/common/dialogs/NumberOfLevelsChooser.tcl
/afs/engr.wisc.edu/apps/synopsys-2010/DFTMax-2010.03-SP3/auxx/gui/common/dialogs/WindowReuseInfo.tcl
/afs/engr.wisc.edu/apps/synopsys-2010/DFTMax-2010.03-SP3/auxx/gui/common/dialogs/ReportOutputOptionInfo.tcl
/afs/engr.wisc.edu/apps/synopsys-2010/DFTMax-2010.03-SP3/auxx/gui/common/setup/snpsCollections.tcl
/afs/engr.wisc.edu/apps/synopsys-2010/DFTMax-2010.03-SP3/auxx/gui/common/dialogs/CompileLinkDesign.tcl
/afs/engr.wisc.edu/apps/synopsys-2010/DFTMax-2010.03-SP3/auxx/gui/common/histogram/DialogEndpointSlack.tcl
/afs/engr.wisc.edu/apps/synopsys-2010/DFTMax-2010.03-SP3/auxx/gui/common/histogram/DialogPathsSlack.tcl
/afs/engr.wisc.edu/apps/synopsys-2010/DFTMax-2010.03-SP3/auxx/gui/common/histogram/DialogNetCapacitance.tcl
/afs/engr.wisc.edu/apps/synopsys-2010/DFTMax-2010.03-SP3/auxx/gui/common/schematic/DialogPathSchematicFanInOut.tcl
/afs/engr.wisc.edu/apps/synopsys-2010/DFTMax-2010.03-SP3/auxx/gui/common/schematic/DialogPathSchematicAddPaths.tcl
/afs/engr.wisc.edu/apps/synopsys-2010/DFTMax-2010.03-SP3/auxx/tcllib/lib/tk8.4/tk.tcl
/afs/engr.wisc.edu/apps/synopsys-2010/DFTMax-2010.03-SP3/auxx/tcllib/lib/tcl8.4/msgcat/msgcat.tcl
/afs/engr.wisc.edu/apps/synopsys-2010/DFTMax-2010.03-SP3/auxx/tcllib/lib/tk8.4/button.tcl
/afs/engr.wisc.edu/apps/synopsys-2010/DFTMax-2010.03-SP3/auxx/tcllib/lib/tk8.4/entry.tcl
/afs/engr.wisc.edu/apps/synopsys-2010/DFTMax-2010.03-SP3/auxx/tcllib/lib/tk8.4/listbox.tcl
/afs/engr.wisc.edu/apps/synopsys-2010/DFTMax-2010.03-SP3/auxx/tcllib/lib/tk8.4/menu.tcl
/afs/engr.wisc.edu/apps/synopsys-2010/DFTMax-2010.03-SP3/auxx/tcllib/lib/tk8.4/panedwindow.tcl
/afs/engr.wisc.edu/apps/synopsys-2010/DFTMax-2010.03-SP3/auxx/tcllib/lib/tk8.4/scale.tcl
/afs/engr.wisc.edu/apps/synopsys-2010/DFTMax-2010.03-SP3/auxx/tcllib/lib/tk8.4/scrlbar.tcl
/afs/engr.wisc.edu/apps/synopsys-2010/DFTMax-2010.03-SP3/auxx/tcllib/lib/tk8.4/spinbox.tcl
/afs/engr.wisc.edu/apps/synopsys-2010/DFTMax-2010.03-SP3/auxx/tcllib/lib/tk8.4/text.tcl
/afs/engr.wisc.edu/apps/synopsys-2010/DFTMax-2010.03-SP3/auxx/tcllib/lib/tix8.1.4/Init.tcl
/afs/engr.wisc.edu/apps/synopsys-2010/DFTMax-2010.03-SP3/auxx/tcllib/lib/tix8.1.4/Version.tcl
/afs/engr.wisc.edu/apps/synopsys-2010/DFTMax-2010.03-SP3/auxx/tcllib/lib/tix8.1.4/UnixFile.tcl
/afs/engr.wisc.edu/apps/synopsys-2010/DFTMax-2010.03-SP3/auxx/tcllib/lib/tix8.1.4/Tix.tcl
/afs/engr.wisc.edu/apps/synopsys-2010/DFTMax-2010.03-SP3/auxx/tcllib/lib/tix8.1.4/fs.tcl
/afs/engr.wisc.edu/apps/synopsys-2010/DFTMax-2010.03-SP3/auxx/tcllib/lib/tix8.1.4/pref/WmDefault.fsc
/afs/engr.wisc.edu/apps/synopsys-2010/DFTMax-2010.03-SP3/auxx/tcllib/lib/tix8.1.4/pref/pkgIndex.tcl
/afs/engr.wisc.edu/apps/synopsys-2010/DFTMax-2010.03-SP3/auxx/gui/syn/layout/pkgIndex.tcl
/afs/engr.wisc.edu/apps/synopsys-2010/DFTMax-2010.03-SP3/auxx/gui/common/WindowFrameWork/pkgIndex.tcl
/afs/engr.wisc.edu/apps/synopsys-2010/DFTMax-2010.03-SP3/auxx/gui/common/dialogs/pkgIndex.tcl
/afs/engr.wisc.edu/apps/synopsys-2010/DFTMax-2010.03-SP3/auxx/gui/common/docBrowser/pkgIndex.tcl
/afs/engr.wisc.edu/apps/synopsys-2010/DFTMax-2010.03-SP3/auxx/gui/common/fanoutviewer/pkgIndex.tcl
/afs/engr.wisc.edu/apps/synopsys-2010/DFTMax-2010.03-SP3/auxx/gui/common/hierarchy/pkgIndex.tcl
/afs/engr.wisc.edu/apps/synopsys-2010/DFTMax-2010.03-SP3/auxx/gui/common/highlight/pkgIndex.tcl
/afs/engr.wisc.edu/apps/synopsys-2010/DFTMax-2010.03-SP3/auxx/gui/common/histogram/pkgIndex.tcl
/afs/engr.wisc.edu/apps/synopsys-2010/DFTMax-2010.03-SP3/auxx/gui/common/layout/pkgIndex.tcl
/afs/engr.wisc.edu/apps/synopsys-2010/DFTMax-2010.03-SP3/auxx/gui/common/libviewer/pkgIndex.tcl
/afs/engr.wisc.edu/apps/synopsys-2010/DFTMax-2010.03-SP3/auxx/gui/common/menus/pkgIndex.tcl
/afs/engr.wisc.edu/apps/synopsys-2010/DFTMax-2010.03-SP3/auxx/gui/common/misc/pkgIndex.tcl
/afs/engr.wisc.edu/apps/synopsys-2010/DFTMax-2010.03-SP3/auxx/gui/common/opdlg/pkgIndex.tcl
/afs/engr.wisc.edu/apps/synopsys-2010/DFTMax-2010.03-SP3/auxx/gui/common/pathinspector/pkgIndex.tcl
/afs/engr.wisc.edu/apps/synopsys-2010/DFTMax-2010.03-SP3/auxx/gui/common/profiler/pkgIndex.tcl
/afs/engr.wisc.edu/apps/synopsys-2010/DFTMax-2010.03-SP3/auxx/gui/common/qtcl/pkgIndex.tcl
/afs/engr.wisc.edu/apps/synopsys-2010/DFTMax-2010.03-SP3/auxx/gui/common/regressionToolkit/pkgIndex.tcl
/afs/engr.wisc.edu/apps/synopsys-2010/DFTMax-2010.03-SP3/auxx/gui/common/schematic/pkgIndex.tcl
/afs/engr.wisc.edu/apps/synopsys-2010/DFTMax-2010.03-SP3/auxx/gui/common/select/pkgIndex.tcl
/afs/engr.wisc.edu/apps/synopsys-2010/DFTMax-2010.03-SP3/auxx/gui/common/setup/pkgIndex.tcl
/afs/engr.wisc.edu/apps/synopsys-2010/DFTMax-2010.03-SP3/auxx/gui/common/strokes/pkgIndex.tcl
/afs/engr.wisc.edu/apps/synopsys-2010/DFTMax-2010.03-SP3/auxx/gui/common/table/pkgIndex.tcl
/afs/engr.wisc.edu/apps/synopsys-2010/DFTMax-2010.03-SP3/auxx/gui/common/tcl-dp/pkgIndex.tcl
/afs/engr.wisc.edu/apps/synopsys-2010/DFTMax-2010.03-SP3/auxx/gui/common/view/pkgIndex.tcl
/afs/engr.wisc.edu/apps/synopsys-2010/DFTMax-2010.03-SP3/auxx/tcllib/snps_tcl/snpsTclPro/pkgIndex.tcl
/afs/engr.wisc.edu/apps/synopsys-2010/DFTMax-2010.03-SP3/auxx/tcllib/snps_tcl/snpsTest/pkgIndex.tcl
/afs/engr.wisc.edu/apps/synopsys-2010/DFTMax-2010.03-SP3/auxx/tcllib/snps_tcl/snpsUtils/pkgIndex.tcl
/afs/engr.wisc.edu/apps/synopsys-2010/DFTMax-2010.03-SP3/auxx/tcllib/lib/tcl8.4/dde/pkgIndex.tcl
/afs/engr.wisc.edu/apps/synopsys-2010/DFTMax-2010.03-SP3/auxx/tcllib/lib/tcl8.4/http/pkgIndex.tcl
/afs/engr.wisc.edu/apps/synopsys-2010/DFTMax-2010.03-SP3/auxx/tcllib/lib/tcl8.4/http1.0/pkgIndex.tcl
/afs/engr.wisc.edu/apps/synopsys-2010/DFTMax-2010.03-SP3/auxx/tcllib/lib/tcl8.4/msgcat/pkgIndex.tcl
/afs/engr.wisc.edu/apps/synopsys-2010/DFTMax-2010.03-SP3/auxx/tcllib/lib/tcl8.4/opt/pkgIndex.tcl
/afs/engr.wisc.edu/apps/synopsys-2010/DFTMax-2010.03-SP3/auxx/tcllib/lib/tcl8.4/reg/pkgIndex.tcl
/afs/engr.wisc.edu/apps/synopsys-2010/DFTMax-2010.03-SP3/auxx/tcllib/lib/tcl8.4/tcltest/pkgIndex.tcl
/afs/engr.wisc.edu/apps/synopsys-2010/DFTMax-2010.03-SP3/auxx/tcllib/lib/tix8.1.4/pref/WmDefault.tcl
/afs/engr.wisc.edu/apps/synopsys-2010/DFTMax-2010.03-SP3/auxx/tcllib/lib/tix8.1.4/pref/WmDefault.csc
/afs/engr.wisc.edu/apps/synopsys-2010/DFTMax-2010.03-SP3/auxx/tcllib/lib/tix8.1.4/HList.tcl
/afs/engr.wisc.edu/apps/synopsys-2010/DFTMax-2010.03-SP3/auxx/tcllib/lib/tk8.4/unsupported.tcl
/afs/engr.wisc.edu/apps/synopsys-2010/DFTMax-2010.03-SP3/auxx/tcllib/lib/tix8.1.4/Event.tcl
/afs/engr.wisc.edu/apps/synopsys-2010/DFTMax-2010.03-SP3/auxx/tcllib/lib/tix8.1.4/TList.tcl
/afs/engr.wisc.edu/apps/synopsys-2010/DFTMax-2010.03-SP3/auxx/tcllib/lib/tix8.1.4/Grid.tcl
/afs/engr.wisc.edu/apps/synopsys-2010/DFTMax-2010.03-SP3/auxx/tcllib/lib/tix8.1.4/ComboBox.tcl
/afs/engr.wisc.edu/apps/synopsys-2010/DFTMax-2010.03-SP3/auxx/tcllib/lib/tix8.1.4/LabWidg.tcl
/afs/engr.wisc.edu/apps/synopsys-2010/DFTMax-2010.03-SP3/auxx/tcllib/lib/tix8.1.4/Primitiv.tcl
/afs/engr.wisc.edu/apps/synopsys-2010/DFTMax-2010.03-SP3/auxx/tcllib/lib/tix8.1.4/Control.tcl
/afs/engr.wisc.edu/apps/synopsys-2010/DFTMax-2010.03-SP3/auxx/tcllib/lib/tix8.1.4/FloatEnt.tcl
/afs/engr.wisc.edu/apps/synopsys-2010/DFTMax-2010.03-SP3/auxx/tcllib/lib/tix8.1.4/LabEntry.tcl
/afs/engr.wisc.edu/apps/synopsys-2010/DFTMax-2010.03-SP3/auxx/tcllib/lib/tix8.1.4/SGrid.tcl
/afs/engr.wisc.edu/apps/synopsys-2010/DFTMax-2010.03-SP3/auxx/tcllib/lib/tix8.1.4/SWidget.tcl
/afs/engr.wisc.edu/apps/synopsys-2010/DFTMax-2010.03-SP3/auxx/tcllib/lib/tix8.1.4/SListBox.tcl
/afs/engr.wisc.edu/apps/synopsys-2010/DFTMax-2010.03-SP3/auxx/gui/common/histogram/base.tcl
/afs/engr.wisc.edu/apps/synopsys-2010/DFTMax-2010.03-SP3/auxx/gui/common/profiler/base.tcl
/afs/engr.wisc.edu/apps/synopsys-2010/DFTMax-2010.03-SP3/auxx/gui/common/schematic/base.tcl
/afs/engr.wisc.edu/apps/synopsys-2010/DFTMax-2010.03-SP3/auxx/gui/common/select/baseInternal.tcl
/afs/engr.wisc.edu/apps/synopsys-2010/DFTMax-2010.03-SP3/auxx/gui/common/schematic/enable.tcl
/afs/engr.wisc.edu/apps/synopsys-2010/DFTMax-2010.03-SP3/auxx/gui/common/schematic/netlist.tcl
/afs/engr.wisc.edu/apps/synopsys-2010/DFTMax-2010.03-SP3/auxx/gui/common/schematic/method.tcl
/afs/engr.wisc.edu/apps/synopsys-2010/DFTMax-2010.03-SP3/auxx/gui/common/misc/createViewType.tcl
/afs/engr.wisc.edu/apps/synopsys-2010/DFTMax-2010.03-SP3/auxx/gui/common/menus/base.tcl
/afs/engr.wisc.edu/apps/synopsys-2010/DFTMax-2010.03-SP3/auxx/gui/common/libviewer/base.tcl
/afs/engr.wisc.edu/apps/synopsys-2010/DFTMax-2010.03-SP3/auxx/gui/common/misc/viewmgr.tcl
/afs/engr.wisc.edu/apps/synopsys-2010/DFTMax-2010.03-SP3/auxx/gui/common/pathinspector/base.tcl
/afs/engr.wisc.edu/apps/synopsys-2010/DFTMax-2010.03-SP3/auxx/gui/common/pathinspector/create_window_and_menu.tcl
/afs/engr.wisc.edu/apps/synopsys-2010/DFTMax-2010.03-SP3/auxx/gui/common/misc/infotip.tcl
/afs/engr.wisc.edu/apps/synopsys-2010/DFTMax-2010.03-SP3/auxx/gui/common/misc/viewporthistory.tcl
/filespace/people/p/pwhagen/sandbox/551_token_based_router/final_synth_40nm/core_synth.script
/afs/engr.wisc.edu/apps/synopsys-2010/tsmc45nm_libs/TSMCHOME/digital/Front_End/timing_power_noise/NLDM/tcbn40lpbwp_120b/tcbn40lpbwptc.db
/afs/engr.wisc.edu/apps/synopsys-2010/tsmc45nm_libs/TSMCHOME/digital/Front_End/timing_power_noise/NLDM/tpfn45gsgv18_120a/tpfn45gsgv18tc.db
/afs/engr.wisc.edu/apps/synopsys-2010/DFTMax-2010.03-SP3/libraries/syn/gtech.db
/afs/engr.wisc.edu/apps/synopsys-2010/DFTMax-2010.03-SP3/libraries/syn/standard.sldb
/afs/engr.wisc.edu/apps/synopsys-2010/tsmc45nm_libs/TSMCHOME/digital/Front_End/timing_power_noise/NLDM/tcbn40lpbwp_120b/tcbn40lpbwptc.db
/afs/engr.wisc.edu/apps/synopsys-2010/tsmc45nm_libs/TSMCHOME/digital/Front_End/timing_power_noise/NLDM/tpfn45gsgv18_120a/tpfn45gsgv18tc.db
./alib-52/tpfn45gsgv18tc.db.alib
./alib-52/tcbn40lpbwptc.db.alib
./alib-52/alib_analyze_libs.tcl.e
/afs/engr.wisc.edu/apps/synopsys-2010/tsmc45nm_libs/TSMCHOME/digital/Front_End/timing_power_noise/NLDM/tcbn40lpbwp_120b/tcbn40lpbwptc.db
/afs/engr.wisc.edu/apps/synopsys-2010/tsmc45nm_libs/TSMCHOME/digital/Front_End/timing_power_noise/NLDM/tpfn45gsgv18_120a/tpfn45gsgv18tc.db
./alib-52/tcbn40lpbwptc.db.alib
./alib-52/tpfn45gsgv18tc.db.alib
/filespace/people/p/pwhagen/synopsys_cache_D-2010.03-SP3/DW01/DW01_NAND2/str/tcbn40lpbwptc_2041_8167_4702/element.ddc
/tmp/dfrm-cP5ONI/dcfarm-1090-nl.nl
/afs/engr.wisc.edu/apps/synopsys-2010/tsmc45nm_libs/TSMCHOME/digital/Front_End/timing_power_noise/NLDM/tcbn40lpbwp_120b/tcbn40lpbwptc.db
/afs/engr.wisc.edu/apps/synopsys-2010/tsmc45nm_libs/TSMCHOME/digital/Front_End/timing_power_noise/NLDM/tpfn45gsgv18_120a/tpfn45gsgv18tc.db
./alib-52/tcbn40lpbwptc.db.alib
./alib-52/tpfn45gsgv18tc.db.alib
/afs/engr.wisc.edu/apps/synopsys-2010/tsmc45nm_libs/TSMCHOME/digital/Front_End/timing_power_noise/NLDM/tcbn40lpbwp_120b/tcbn40lpbwptc.db
/afs/engr.wisc.edu/apps/synopsys-2010/tsmc45nm_libs/TSMCHOME/digital/Front_End/timing_power_noise/NLDM/tpfn45gsgv18_120a/tpfn45gsgv18tc.db
/afs/engr.wisc.edu/apps/synopsys-2010/DFTMax-2010.03-SP3/libraries/syn/generic.sdb
/filespace/people/p/pwhagen/sandbox/551_token_based_router/final_synth_40nm/core_synth.script
/afs/engr.wisc.edu/apps/synopsys-2010/tsmc45nm_libs/TSMCHOME/digital/Front_End/timing_power_noise/NLDM/tcbn40lpbwp_120b/tcbn40lpbwptc.db
./alib-52/tcbn40lpbwptc.db.alib
/afs/engr.wisc.edu/apps/synopsys-2010/tsmc45nm_libs/TSMCHOME/digital/Front_End/timing_power_noise/NLDM/tpfn45gsgv18_120a/tpfn45gsgv18tc.db
./alib-52/tpfn45gsgv18tc.db.alib
/afs/engr.wisc.edu/apps/synopsys-2010/tsmc45nm_libs/TSMCHOME/digital/Front_End/timing_power_noise/NLDM/tcbn40lpbwp_120b/tcbn40lpbwptc.db
/afs/engr.wisc.edu/apps/synopsys-2010/tsmc45nm_libs/TSMCHOME/digital/Front_End/timing_power_noise/NLDM/tpfn45gsgv18_120a/tpfn45gsgv18tc.db
/tmp/dfrm-LeqprP/dcfarm-1620-nl.nl
/afs/engr.wisc.edu/apps/synopsys-2010/tsmc45nm_libs/TSMCHOME/digital/Front_End/timing_power_noise/NLDM/tcbn40lpbwp_120b/tcbn40lpbwptc.db
/afs/engr.wisc.edu/apps/synopsys-2010/tsmc45nm_libs/TSMCHOME/digital/Front_End/timing_power_noise/NLDM/tpfn45gsgv18_120a/tpfn45gsgv18tc.db
./alib-52/tcbn40lpbwptc.db.alib
./alib-52/tpfn45gsgv18tc.db.alib
/afs/engr.wisc.edu/apps/synopsys-2010/tsmc45nm_libs/TSMCHOME/digital/Front_End/timing_power_noise/NLDM/tcbn40lpbwp_120b/tcbn40lpbwptc.db
/afs/engr.wisc.edu/apps/synopsys-2010/tsmc45nm_libs/TSMCHOME/digital/Front_End/timing_power_noise/NLDM/tpfn45gsgv18_120a/tpfn45gsgv18tc.db
/filespace/people/p/pwhagen/sandbox/551_token_based_router/final_synth_40nm/core_synth.script
/afs/engr.wisc.edu/apps/synopsys-2010/tsmc45nm_libs/TSMCHOME/digital/Front_End/timing_power_noise/NLDM/tcbn40lpbwp_120b/tcbn40lpbwptc.db
./alib-52/tcbn40lpbwptc.db.alib
/afs/engr.wisc.edu/apps/synopsys-2010/tsmc45nm_libs/TSMCHOME/digital/Front_End/timing_power_noise/NLDM/tpfn45gsgv18_120a/tpfn45gsgv18tc.db
./alib-52/tpfn45gsgv18tc.db.alib
/afs/engr.wisc.edu/apps/synopsys-2010/tsmc45nm_libs/TSMCHOME/digital/Front_End/timing_power_noise/NLDM/tcbn40lpbwp_120b/tcbn40lpbwptc.db
/afs/engr.wisc.edu/apps/synopsys-2010/tsmc45nm_libs/TSMCHOME/digital/Front_End/timing_power_noise/NLDM/tpfn45gsgv18_120a/tpfn45gsgv18tc.db
/tmp/dfrm-MTV6sy/dcfarm-1678-nl.nl
/afs/engr.wisc.edu/apps/synopsys-2010/tsmc45nm_libs/TSMCHOME/digital/Front_End/timing_power_noise/NLDM/tcbn40lpbwp_120b/tcbn40lpbwptc.db
/afs/engr.wisc.edu/apps/synopsys-2010/tsmc45nm_libs/TSMCHOME/digital/Front_End/timing_power_noise/NLDM/tpfn45gsgv18_120a/tpfn45gsgv18tc.db
./alib-52/tcbn40lpbwptc.db.alib
./alib-52/tpfn45gsgv18tc.db.alib
/afs/engr.wisc.edu/apps/synopsys-2010/tsmc45nm_libs/TSMCHOME/digital/Front_End/timing_power_noise/NLDM/tcbn40lpbwp_120b/tcbn40lpbwptc.db
/afs/engr.wisc.edu/apps/synopsys-2010/tsmc45nm_libs/TSMCHOME/digital/Front_End/timing_power_noise/NLDM/tpfn45gsgv18_120a/tpfn45gsgv18tc.db
